{"/Users/mtaggart/Documents/kindred/components/ui/PrimaryButton.tsx": {"path":"/Users/mtaggart/Documents/kindred/components/ui/PrimaryButton.tsx","statementMap":{"0":{"start":{"line":21,"column":21},"end":{"line":21,"column":40}},"1":{"start":{"line":23,"column":2},"end":{"line":48,"column":4}}},"fnMap":{"0":{"name":"PrimaryButton","decl":{"start":{"line":13,"column":16},"end":{"line":13,"column":29}},"loc":{"start":{"line":20,"column":23},"end":{"line":49,"column":1}},"line":20}},"branchMap":{"0":{"loc":{"start":{"line":16,"column":2},"end":{"line":16,"column":19}},"type":"default-arg","locations":[{"start":{"line":16,"column":14},"end":{"line":16,"column":19}}],"line":16},"1":{"loc":{"start":{"line":17,"column":2},"end":{"line":17,"column":18}},"type":"default-arg","locations":[{"start":{"line":17,"column":13},"end":{"line":17,"column":18}}],"line":17},"2":{"loc":{"start":{"line":18,"column":2},"end":{"line":18,"column":17}},"type":"default-arg","locations":[{"start":{"line":18,"column":12},"end":{"line":18,"column":17}}],"line":18},"3":{"loc":{"start":{"line":21,"column":21},"end":{"line":21,"column":40}},"type":"binary-expr","locations":[{"start":{"line":21,"column":21},"end":{"line":21,"column":29}},{"start":{"line":21,"column":33},"end":{"line":21,"column":40}}],"line":21},"4":{"loc":{"start":{"line":31,"column":8},"end":{"line":31,"column":29}},"type":"binary-expr","locations":[{"start":{"line":31,"column":8},"end":{"line":31,"column":17}},{"start":{"line":31,"column":21},"end":{"line":31,"column":29}}],"line":31},"5":{"loc":{"start":{"line":32,"column":8},"end":{"line":32,"column":34}},"type":"binary-expr","locations":[{"start":{"line":32,"column":8},"end":{"line":32,"column":18}},{"start":{"line":32,"column":22},"end":{"line":32,"column":34}}],"line":32},"6":{"loc":{"start":{"line":35,"column":7},"end":{"line":46,"column":7}},"type":"cond-expr","locations":[{"start":{"line":36,"column":8},"end":{"line":36,"column":45}},{"start":{"line":38,"column":8},"end":{"line":45,"column":15}}],"line":35},"7":{"loc":{"start":{"line":42,"column":11},"end":{"line":44,"column":11}},"type":"binary-expr","locations":[{"start":{"line":42,"column":11},"end":{"line":42,"column":15}},{"start":{"line":43,"column":12},"end":{"line":43,"column":67}}],"line":42}},"s":{"0":3,"1":3},"f":{"0":3},"b":{"0":[3],"1":[2],"2":[3],"3":[3,2],"4":[3,0],"5":[3,1],"6":[0,3],"7":[3,0]},"_coverageSchema":"1a1c01bbd47fc00a2c39e90264f33305004495a9","hash":"397c75615ed5d49bd79cfd2f6bfd9483185f3e67"}
}
